ChatDemoUI3.0/build/outputs/logs/manifest-merger-debug-report.txt
-- Merging decision tree log ---
manifest
ADDED from SuperWeChat\ChatDemoUI3.0\AndroidManifest.xml:2:1-481:12
	package
		ADDED from SuperWeChat\ChatDemoUI3.0\AndroidManifest.xml:4:5-34
		INJECTED from SuperWeChat\ChatDemoUI3.0\AndroidManifest.xml
		INJECTED from SuperWeChat\ChatDemoUI3.0\AndroidManifest.xml
	android:versionName
		ADDED from SuperWeChat\ChatDemoUI3.0\AndroidManifest.xml:6:5-32
		INJECTED from SuperWeChat\ChatDemoUI3.0\AndroidManifest.xml
		INJECTED from SuperWeChat\ChatDemoUI3.0\AndroidManifest.xml
	xmlns:tools
		ADDED from SuperWeChat\ChatDemoUI3.0\AndroidManifest.xml:3:5-51
	android:versionCode
		ADDED from SuperWeChat\ChatDemoUI3.0\AndroidManifest.xml:5:5-29
		INJECTED from SuperWeChat\ChatDemoUI3.0\AndroidManifest.xml
		INJECTED from SuperWeChat\ChatDemoUI3.0\AndroidManifest.xml
	xmlns:android
		ADDED from SuperWeChat\ChatDemoUI3.0\AndroidManifest.xml:2:11-69
uses-sdk
ADDED from SuperWeChat\ChatDemoUI3.0\AndroidManifest.xml:8:5-11:59
MERGED from [com.android.support:multidex:1.0.1] AndroidManifest.xml:18:5-42
MERGED from [ChatDemoUI3.0:redpacketlibrary:unspecified] AndroidManifest.xml:7:5-9:41
MERGED from [ChatDemoUI3.0:EaseUI:unspecified] AndroidManifest.xml:7:5-9:41
MERGED from [com.android.support:appcompat-v7:23.3.0] AndroidManifest.xml:21:5-23:78
MERGED from [com.android.support:support-vector-drawable:23.3.0] AndroidManifest.xml:5:5-43
MERGED from [com.android.support:support-v4:23.3.0] AndroidManifest.xml:20:5-43
MERGED from [com.android.support:animated-vector-drawable:23.3.0] AndroidManifest.xml:5:5-44
MERGED from [com.android.support:support-vector-drawable:23.3.0] AndroidManifest.xml:5:5-43
MERGED from [com.android.support:support-v4:23.3.0] AndroidManifest.xml:20:5-43
MERGED from [com.android.support:support-v4:23.3.0] AndroidManifest.xml:20:5-43
MERGED from [ChatDemoUI3.0:EaseUI:unspecified] AndroidManifest.xml:7:5-9:41
MERGED from [com.android.support:appcompat-v7:23.3.0] AndroidManifest.xml:21:5-23:78
MERGED from [com.android.support:support-vector-drawable:23.3.0] AndroidManifest.xml:5:5-43
MERGED from [com.android.support:support-v4:23.3.0] AndroidManifest.xml:20:5-43
MERGED from [com.android.support:animated-vector-drawable:23.3.0] AndroidManifest.xml:5:5-44
MERGED from [com.android.support:support-vector-drawable:23.3.0] AndroidManifest.xml:5:5-43
MERGED from [com.android.support:support-v4:23.3.0] AndroidManifest.xml:20:5-43
MERGED from [com.android.support:support-v4:23.3.0] AndroidManifest.xml:20:5-43
MERGED from [com.android.support:appcompat-v7:23.3.0] AndroidManifest.xml:21:5-23:78
MERGED from [com.android.support:support-vector-drawable:23.3.0] AndroidManifest.xml:5:5-43
MERGED from [com.android.support:support-v4:23.3.0] AndroidManifest.xml:20:5-43
MERGED from [com.android.support:animated-vector-drawable:23.3.0] AndroidManifest.xml:5:5-44
MERGED from [com.android.support:support-vector-drawable:23.3.0] AndroidManifest.xml:5:5-43
MERGED from [com.android.support:support-v4:23.3.0] AndroidManifest.xml:20:5-43
MERGED from [com.android.support:support-v4:23.3.0] AndroidManifest.xml:20:5-43
	tools:overrideLibrary
		ADDED from SuperWeChat\ChatDemoUI3.0\AndroidManifest.xml:11:9-56
	android:targetSdkVersion
		ADDED from SuperWeChat\ChatDemoUI3.0\AndroidManifest.xml:10:9-38
		INJECTED from SuperWeChat\ChatDemoUI3.0\AndroidManifest.xml
		INJECTED from SuperWeChat\ChatDemoUI3.0\AndroidManifest.xml
	android:minSdkVersion
		ADDED from SuperWeChat\ChatDemoUI3.0\AndroidManifest.xml:9:9-35
		INJECTED from SuperWeChat\ChatDemoUI3.0\AndroidManifest.xml
		INJECTED from SuperWeChat\ChatDemoUI3.0\AndroidManifest.xml
uses-permission#android.permission.VIBRATE
ADDED from SuperWeChat\ChatDemoUI3.0\AndroidManifest.xml:13:5-66
	android:name
		ADDED from SuperWeChat\ChatDemoUI3.0\AndroidManifest.xml:13:22-63
uses-permission#android.permission.INTERNET
ADDED from SuperWeChat\ChatDemoUI3.0\AndroidManifest.xml:14:5-67
	android:name
		ADDED from SuperWeChat\ChatDemoUI3.0\AndroidManifest.xml:14:22-64
uses-permission#android.permission.RECORD_AUDIO
ADDED from SuperWeChat\ChatDemoUI3.0\AndroidManifest.xml:15:5-71
	android:name
		ADDED from SuperWeChat\ChatDemoUI3.0\AndroidManifest.xml:15:22-68
uses-permission#android.permission.CAMERA
ADDED from SuperWeChat\ChatDemoUI3.0\AndroidManifest.xml:16:5-65
	android:name
		ADDED from SuperWeChat\ChatDemoUI3.0\AndroidManifest.xml:16:22-62
uses-permission#android.permission.ACCESS_NETWORK_STATE
ADDED from SuperWeChat\ChatDemoUI3.0\AndroidManifest.xml:17:5-79
	android:name
		ADDED from SuperWeChat\ChatDemoUI3.0\AndroidManifest.xml:17:22-76
uses-permission#android.permission.WRITE_EXTERNAL_STORAGE
ADDED from SuperWeChat\ChatDemoUI3.0\AndroidManifest.xml:18:5-81
	android:name
		ADDED from SuperWeChat\ChatDemoUI3.0\AndroidManifest.xml:18:22-78
uses-permission#android.permission.MOUNT_UNMOUNT_FILESYSTEMS
ADDED from SuperWeChat\ChatDemoUI3.0\AndroidManifest.xml:19:5-84
	android:name
		ADDED from SuperWeChat\ChatDemoUI3.0\AndroidManifest.xml:19:22-81
uses-permission#android.permission.ACCESS_FINE_LOCATION
ADDED from SuperWeChat\ChatDemoUI3.0\AndroidManifest.xml:20:5-79
	android:name
		ADDED from SuperWeChat\ChatDemoUI3.0\AndroidManifest.xml:20:22-76
uses-permission#android.permission.GET_TASKS
ADDED from SuperWeChat\ChatDemoUI3.0\AndroidManifest.xml:21:5-68
	android:name
		ADDED from SuperWeChat\ChatDemoUI3.0\AndroidManifest.xml:21:22-65
uses-permission#android.permission.ACCESS_WIFI_STATE
ADDED from SuperWeChat\ChatDemoUI3.0\AndroidManifest.xml:22:5-76
	android:name
		ADDED from SuperWeChat\ChatDemoUI3.0\AndroidManifest.xml:22:22-73
uses-permission#android.permission.CHANGE_WIFI_STATE
ADDED from SuperWeChat\ChatDemoUI3.0\AndroidManifest.xml:23:5-76
	android:name
		ADDED from SuperWeChat\ChatDemoUI3.0\AndroidManifest.xml:23:22-73
uses-permission#android.permission.WAKE_LOCK
ADDED from SuperWeChat\ChatDemoUI3.0\AndroidManifest.xml:24:5-68
	android:name
		ADDED from SuperWeChat\ChatDemoUI3.0\AndroidManifest.xml:24:22-65
uses-permission#android.permission.MODIFY_AUDIO_SETTINGS
ADDED from SuperWeChat\ChatDemoUI3.0\AndroidManifest.xml:25:5-80
	android:name
		ADDED from SuperWeChat\ChatDemoUI3.0\AndroidManifest.xml:25:22-77
uses-permission#android.permission.READ_PHONE_STATE
ADDED from SuperWeChat\ChatDemoUI3.0\AndroidManifest.xml:26:5-75
	android:name
		ADDED from SuperWeChat\ChatDemoUI3.0\AndroidManifest.xml:26:22-72
uses-permission#android.permission.RECEIVE_BOOT_COMPLETED
ADDED from SuperWeChat\ChatDemoUI3.0\AndroidManifest.xml:27:5-81
	android:name
		ADDED from SuperWeChat\ChatDemoUI3.0\AndroidManifest.xml:27:22-78
uses-permission#android.permission.USE_CREDENTIALS
ADDED from SuperWeChat\ChatDemoUI3.0\AndroidManifest.xml:28:5-74
	android:name
		ADDED from SuperWeChat\ChatDemoUI3.0\AndroidManifest.xml:28:22-71
uses-permission#com.android.launcher.permission.READ_SETTINGS
ADDED from SuperWeChat\ChatDemoUI3.0\AndroidManifest.xml:29:5-85
	android:name
		ADDED from SuperWeChat\ChatDemoUI3.0\AndroidManifest.xml:29:22-82
uses-permission#android.permission.BROADCAST_STICKY
ADDED from SuperWeChat\ChatDemoUI3.0\AndroidManifest.xml:30:5-75
	android:name
		ADDED from SuperWeChat\ChatDemoUI3.0\AndroidManifest.xml:30:22-72
uses-permission#android.permission.WRITE_SETTINGS
ADDED from SuperWeChat\ChatDemoUI3.0\AndroidManifest.xml:31:5-73
	android:name
		ADDED from SuperWeChat\ChatDemoUI3.0\AndroidManifest.xml:31:22-70
uses-permission#android.permission.REQUEST_IGNORE_BATTERY_OPTIMIZATIONS
ADDED from SuperWeChat\ChatDemoUI3.0\AndroidManifest.xml:32:5-95
	android:name
		ADDED from SuperWeChat\ChatDemoUI3.0\AndroidManifest.xml:32:22-92
uses-permission#com.google.android.c2dm.permission.RECEIVE
ADDED from SuperWeChat\ChatDemoUI3.0\AndroidManifest.xml:35:5-82
	android:name
		ADDED from SuperWeChat\ChatDemoUI3.0\AndroidManifest.xml:35:22-79
permission#cn.ucai.superwechat.permission.C2D_MESSAGE
ADDED from SuperWeChat\ChatDemoUI3.0\AndroidManifest.xml:37:5-39:47
	android:protectionLevel
		ADDED from SuperWeChat\ChatDemoUI3.0\AndroidManifest.xml:39:9-44
	android:name
		ADDED from SuperWeChat\ChatDemoUI3.0\AndroidManifest.xml:38:9-66
uses-permission#cn.ucai.superwechat.permission.C2D_MESSAGE
ADDED from SuperWeChat\ChatDemoUI3.0\AndroidManifest.xml:41:5-82
	android:name
		ADDED from SuperWeChat\ChatDemoUI3.0\AndroidManifest.xml:41:22-79
permission#cn.ucai.superwechat.permission.MIPUSH_RECEIVE
ADDED from SuperWeChat\ChatDemoUI3.0\AndroidManifest.xml:43:5-45:47
	android:protectionLevel
		ADDED from SuperWeChat\ChatDemoUI3.0\AndroidManifest.xml:45:9-44
	android:name
		ADDED from SuperWeChat\ChatDemoUI3.0\AndroidManifest.xml:44:9-69
uses-permission#cn.ucai.superwechat.permission.MIPUSH_RECEIVE
ADDED from SuperWeChat\ChatDemoUI3.0\AndroidManifest.xml:47:5-85
	android:name
		ADDED from SuperWeChat\ChatDemoUI3.0\AndroidManifest.xml:47:22-82
uses-permission#android.permission.READ_EXTERNAL_STORAGE
ADDED from SuperWeChat\ChatDemoUI3.0\AndroidManifest.xml:50:5-80
	android:name
		ADDED from SuperWeChat\ChatDemoUI3.0\AndroidManifest.xml:50:22-77
application
ADDED from SuperWeChat\ChatDemoUI3.0\AndroidManifest.xml:52:5-479:19
MERGED from [com.android.support:appcompat-v7:23.3.0] AndroidManifest.xml:25:5-20
MERGED from [com.android.support:support-vector-drawable:23.3.0] AndroidManifest.xml:7:5-20
MERGED from [com.android.support:support-v4:23.3.0] AndroidManifest.xml:22:5-20
MERGED from [com.android.support:animated-vector-drawable:23.3.0] AndroidManifest.xml:7:5-20
MERGED from [com.android.support:support-vector-drawable:23.3.0] AndroidManifest.xml:7:5-20
MERGED from [com.android.support:support-v4:23.3.0] AndroidManifest.xml:22:5-20
MERGED from [com.android.support:support-v4:23.3.0] AndroidManifest.xml:22:5-20
MERGED from [com.android.support:appcompat-v7:23.3.0] AndroidManifest.xml:25:5-20
MERGED from [com.android.support:support-vector-drawable:23.3.0] AndroidManifest.xml:7:5-20
MERGED from [com.android.support:support-v4:23.3.0] AndroidManifest.xml:22:5-20
MERGED from [com.android.support:animated-vector-drawable:23.3.0] AndroidManifest.xml:7:5-20
MERGED from [com.android.support:support-vector-drawable:23.3.0] AndroidManifest.xml:7:5-20
MERGED from [com.android.support:support-v4:23.3.0] AndroidManifest.xml:22:5-20
MERGED from [com.android.support:support-v4:23.3.0] AndroidManifest.xml:22:5-20
MERGED from [com.android.support:appcompat-v7:23.3.0] AndroidManifest.xml:25:5-20
MERGED from [com.android.support:support-vector-drawable:23.3.0] AndroidManifest.xml:7:5-20
MERGED from [com.android.support:support-v4:23.3.0] AndroidManifest.xml:22:5-20
MERGED from [com.android.support:animated-vector-drawable:23.3.0] AndroidManifest.xml:7:5-20
MERGED from [com.android.support:support-vector-drawable:23.3.0] AndroidManifest.xml:7:5-20
MERGED from [com.android.support:support-v4:23.3.0] AndroidManifest.xml:22:5-20
MERGED from [com.android.support:support-v4:23.3.0] AndroidManifest.xml:22:5-20
	android:label
		ADDED from SuperWeChat\ChatDemoUI3.0\AndroidManifest.xml:56:9-41
	android:allowBackup
		ADDED from SuperWeChat\ChatDemoUI3.0\AndroidManifest.xml:54:9-35
	android:icon
		ADDED from SuperWeChat\ChatDemoUI3.0\AndroidManifest.xml:55:9-43
	android:theme
		ADDED from SuperWeChat\ChatDemoUI3.0\AndroidManifest.xml:57:9-40
	android:name
		ADDED from SuperWeChat\ChatDemoUI3.0\AndroidManifest.xml:53:9-59
activity#cn.ucai.superwechat.ui.MainActivity
ADDED from SuperWeChat\ChatDemoUI3.0\AndroidManifest.xml:60:9-65:55
	android:screenOrientation
		ADDED from SuperWeChat\ChatDemoUI3.0\AndroidManifest.xml:63:13-49
	android:launchMode
		ADDED from SuperWeChat\ChatDemoUI3.0\AndroidManifest.xml:62:13-44
	android:windowSoftInputMode
		ADDED from SuperWeChat\ChatDemoUI3.0\AndroidManifest.xml:65:13-52
	android:theme
		ADDED from SuperWeChat\ChatDemoUI3.0\AndroidManifest.xml:64:13-52
	android:name
		ADDED from SuperWeChat\ChatDemoUI3.0\AndroidManifest.xml:61:13-63
activity#cn.ucai.superwechat.ui.SplashActivity
ADDED from SuperWeChat\ChatDemoUI3.0\AndroidManifest.xml:68:9-77:20
	android:screenOrientation
		ADDED from SuperWeChat\ChatDemoUI3.0\AndroidManifest.xml:70:13-49
	android:theme
		ADDED from SuperWeChat\ChatDemoUI3.0\AndroidManifest.xml:71:13-52
	android:name
		ADDED from SuperWeChat\ChatDemoUI3.0\AndroidManifest.xml:69:13-65
intent-filter#android.intent.action.MAIN+android.intent.category.LAUNCHER
ADDED from SuperWeChat\ChatDemoUI3.0\AndroidManifest.xml:72:13-76:29
action#android.intent.action.MAIN
ADDED from SuperWeChat\ChatDemoUI3.0\AndroidManifest.xml:73:17-69
	android:name
		ADDED from SuperWeChat\ChatDemoUI3.0\AndroidManifest.xml:73:25-66
category#android.intent.category.LAUNCHER
ADDED from SuperWeChat\ChatDemoUI3.0\AndroidManifest.xml:75:17-77
	android:name
		ADDED from SuperWeChat\ChatDemoUI3.0\AndroidManifest.xml:75:27-74
activity#cn.ucai.superwechat.ui.LoginActivity
ADDED from SuperWeChat\ChatDemoUI3.0\AndroidManifest.xml:80:9-84:71
	android:screenOrientation
		ADDED from SuperWeChat\ChatDemoUI3.0\AndroidManifest.xml:82:13-49
	android:windowSoftInputMode
		ADDED from SuperWeChat\ChatDemoUI3.0\AndroidManifest.xml:84:13-68
	android:theme
		ADDED from SuperWeChat\ChatDemoUI3.0\AndroidManifest.xml:83:13-52
	android:name
		ADDED from SuperWeChat\ChatDemoUI3.0\AndroidManifest.xml:81:13-64
activity#cn.ucai.superwechat.ui.RegisterActivity
ADDED from SuperWeChat\ChatDemoUI3.0\AndroidManifest.xml:87:9-91:71
	android:screenOrientation
		ADDED from SuperWeChat\ChatDemoUI3.0\AndroidManifest.xml:89:13-49
	android:windowSoftInputMode
		ADDED from SuperWeChat\ChatDemoUI3.0\AndroidManifest.xml:91:13-68
	android:theme
		ADDED from SuperWeChat\ChatDemoUI3.0\AndroidManifest.xml:90:13-52
	android:name
		ADDED from SuperWeChat\ChatDemoUI3.0\AndroidManifest.xml:88:13-67
activity#cn.ucai.superwechat.ui.ChatActivity
ADDED from SuperWeChat\ChatDemoUI3.0\AndroidManifest.xml:93:9-98:58
	android:screenOrientation
		ADDED from SuperWeChat\ChatDemoUI3.0\AndroidManifest.xml:96:13-49
	android:launchMode
		ADDED from SuperWeChat\ChatDemoUI3.0\AndroidManifest.xml:95:13-44
	android:windowSoftInputMode
		ADDED from SuperWeChat\ChatDemoUI3.0\AndroidManifest.xml:98:13-55
	android:theme
		ADDED from SuperWeChat\ChatDemoUI3.0\AndroidManifest.xml:97:13-52
	android:name
		ADDED from SuperWeChat\ChatDemoUI3.0\AndroidManifest.xml:94:13-63
activity#cn.ucai.superwechat.ui.AddContactActivity
ADDED from SuperWeChat\ChatDemoUI3.0\AndroidManifest.xml:100:9-104:58
	android:screenOrientation
		ADDED from SuperWeChat\ChatDemoUI3.0\AndroidManifest.xml:102:13-49
	android:windowSoftInputMode
		ADDED from SuperWeChat\ChatDemoUI3.0\AndroidManifest.xml:104:13-55
	android:theme
		ADDED from SuperWeChat\ChatDemoUI3.0\AndroidManifest.xml:103:13-52
	android:name
		ADDED from SuperWeChat\ChatDemoUI3.0\AndroidManifest.xml:101:13-69
activity#cn.ucai.superwechat.ui.GroupDetailsActivity
ADDED from SuperWeChat\ChatDemoUI3.0\AndroidManifest.xml:106:9-109:55
	android:screenOrientation
		ADDED from SuperWeChat\ChatDemoUI3.0\AndroidManifest.xml:108:13-49
	android:theme
		ADDED from SuperWeChat\ChatDemoUI3.0\AndroidManifest.xml:109:13-52
	android:name
		ADDED from SuperWeChat\ChatDemoUI3.0\AndroidManifest.xml:107:13-71
activity#cn.ucai.superwechat.ui.GroupsActivity
ADDED from SuperWeChat\ChatDemoUI3.0\AndroidManifest.xml:111:9-115:55
	android:screenOrientation
		ADDED from SuperWeChat\ChatDemoUI3.0\AndroidManifest.xml:113:13-49
	android:windowSoftInputMode
		ADDED from SuperWeChat\ChatDemoUI3.0\AndroidManifest.xml:115:13-52
	android:theme
		ADDED from SuperWeChat\ChatDemoUI3.0\AndroidManifest.xml:114:13-52
	android:name
		ADDED from SuperWeChat\ChatDemoUI3.0\AndroidManifest.xml:112:13-65
activity#cn.ucai.superwechat.ui.ChatRoomDetailsActivity
ADDED from SuperWeChat\ChatDemoUI3.0\AndroidManifest.xml:118:9-121:55
	android:screenOrientation
		ADDED from SuperWeChat\ChatDemoUI3.0\AndroidManifest.xml:120:13-49
	android:theme
		ADDED from SuperWeChat\ChatDemoUI3.0\AndroidManifest.xml:121:13-52
	android:name
		ADDED from SuperWeChat\ChatDemoUI3.0\AndroidManifest.xml:119:13-74
activity#cn.ucai.superwechat.ui.NewGroupActivity
ADDED from SuperWeChat\ChatDemoUI3.0\AndroidManifest.xml:124:9-128:55
	android:screenOrientation
		ADDED from SuperWeChat\ChatDemoUI3.0\AndroidManifest.xml:126:13-49
	android:windowSoftInputMode
		ADDED from SuperWeChat\ChatDemoUI3.0\AndroidManifest.xml:128:13-52
	android:theme
		ADDED from SuperWeChat\ChatDemoUI3.0\AndroidManifest.xml:127:13-52
	android:name
		ADDED from SuperWeChat\ChatDemoUI3.0\AndroidManifest.xml:125:13-67
activity#cn.ucai.superwechat.ui.ExitGroupDialog
ADDED from SuperWeChat\ChatDemoUI3.0\AndroidManifest.xml:130:9-133:58
	android:screenOrientation
		ADDED from SuperWeChat\ChatDemoUI3.0\AndroidManifest.xml:132:13-49
	android:theme
		ADDED from SuperWeChat\ChatDemoUI3.0\AndroidManifest.xml:133:13-55
	android:name
		ADDED from SuperWeChat\ChatDemoUI3.0\AndroidManifest.xml:131:13-66
activity#cn.ucai.superwechat.ui.GroupPickContactsActivity
ADDED from SuperWeChat\ChatDemoUI3.0\AndroidManifest.xml:135:9-139:55
	android:screenOrientation
		ADDED from SuperWeChat\ChatDemoUI3.0\AndroidManifest.xml:137:13-49
	android:windowSoftInputMode
		ADDED from SuperWeChat\ChatDemoUI3.0\AndroidManifest.xml:139:13-52
	android:theme
		ADDED from SuperWeChat\ChatDemoUI3.0\AndroidManifest.xml:138:13-52
	android:name
		ADDED from SuperWeChat\ChatDemoUI3.0\AndroidManifest.xml:136:13-76
activity#cn.ucai.superwechat.ui.PickAtUserActivity
ADDED from SuperWeChat\ChatDemoUI3.0\AndroidManifest.xml:140:9-143:55
	android:screenOrientation
		ADDED from SuperWeChat\ChatDemoUI3.0\AndroidManifest.xml:142:13-49
	android:theme
		ADDED from SuperWeChat\ChatDemoUI3.0\AndroidManifest.xml:143:13-52
	android:name
		ADDED from SuperWeChat\ChatDemoUI3.0\AndroidManifest.xml:141:13-69
activity#com.hyphenate.easeui.ui.EaseBaiduMapActivity
ADDED from SuperWeChat\ChatDemoUI3.0\AndroidManifest.xml:145:9-148:55
	android:screenOrientation
		ADDED from SuperWeChat\ChatDemoUI3.0\AndroidManifest.xml:147:13-49
	android:theme
		ADDED from SuperWeChat\ChatDemoUI3.0\AndroidManifest.xml:148:13-52
	android:name
		ADDED from SuperWeChat\ChatDemoUI3.0\AndroidManifest.xml:146:13-72
activity#cn.ucai.superwechat.ui.NewFriendsMsgActivity
ADDED from SuperWeChat\ChatDemoUI3.0\AndroidManifest.xml:151:9-154:55
	android:screenOrientation
		ADDED from SuperWeChat\ChatDemoUI3.0\AndroidManifest.xml:153:13-49
	android:theme
		ADDED from SuperWeChat\ChatDemoUI3.0\AndroidManifest.xml:154:13-52
	android:name
		ADDED from SuperWeChat\ChatDemoUI3.0\AndroidManifest.xml:152:13-72
activity#cn.ucai.superwechat.ui.ForwardMessageActivity
ADDED from SuperWeChat\ChatDemoUI3.0\AndroidManifest.xml:156:9-160:55
	android:screenOrientation
		ADDED from SuperWeChat\ChatDemoUI3.0\AndroidManifest.xml:158:13-49
	android:windowSoftInputMode
		ADDED from SuperWeChat\ChatDemoUI3.0\AndroidManifest.xml:160:13-52
	android:theme
		ADDED from SuperWeChat\ChatDemoUI3.0\AndroidManifest.xml:159:13-52
	android:name
		ADDED from SuperWeChat\ChatDemoUI3.0\AndroidManifest.xml:157:13-73
activity#cn.ucai.superwechat.ui.ContextMenuActivity
ADDED from SuperWeChat\ChatDemoUI3.0\AndroidManifest.xml:162:9-165:52
	android:screenOrientation
		ADDED from SuperWeChat\ChatDemoUI3.0\AndroidManifest.xml:164:13-49
	android:theme
		ADDED from SuperWeChat\ChatDemoUI3.0\AndroidManifest.xml:165:13-49
	android:name
		ADDED from SuperWeChat\ChatDemoUI3.0\AndroidManifest.xml:163:13-70
activity#com.hyphenate.easeui.ui.EaseShowBigImageActivity
ADDED from SuperWeChat\ChatDemoUI3.0\AndroidManifest.xml:167:9-170:55
	android:screenOrientation
		ADDED from SuperWeChat\ChatDemoUI3.0\AndroidManifest.xml:169:13-49
	android:theme
		ADDED from SuperWeChat\ChatDemoUI3.0\AndroidManifest.xml:170:13-52
	android:name
		ADDED from SuperWeChat\ChatDemoUI3.0\AndroidManifest.xml:168:13-76
activity#com.hyphenate.easeui.ui.EaseShowNormalFileActivity
ADDED from SuperWeChat\ChatDemoUI3.0\AndroidManifest.xml:172:9-175:55
	android:screenOrientation
		ADDED from SuperWeChat\ChatDemoUI3.0\AndroidManifest.xml:174:13-49
	android:theme
		ADDED from SuperWeChat\ChatDemoUI3.0\AndroidManifest.xml:175:13-52
	android:name
		ADDED from SuperWeChat\ChatDemoUI3.0\AndroidManifest.xml:173:13-78
activity#cn.ucai.superwechat.ui.BlacklistActivity
ADDED from SuperWeChat\ChatDemoUI3.0\AndroidManifest.xml:177:9-180:55
	android:screenOrientation
		ADDED from SuperWeChat\ChatDemoUI3.0\AndroidManifest.xml:179:13-49
	android:theme
		ADDED from SuperWeChat\ChatDemoUI3.0\AndroidManifest.xml:180:13-52
	android:name
		ADDED from SuperWeChat\ChatDemoUI3.0\AndroidManifest.xml:178:13-68
activity#cn.ucai.superwechat.ui.PublicGroupsActivity
ADDED from SuperWeChat\ChatDemoUI3.0\AndroidManifest.xml:183:9-187:55
	android:screenOrientation
		ADDED from SuperWeChat\ChatDemoUI3.0\AndroidManifest.xml:185:13-49
	android:windowSoftInputMode
		ADDED from SuperWeChat\ChatDemoUI3.0\AndroidManifest.xml:187:13-52
	android:theme
		ADDED from SuperWeChat\ChatDemoUI3.0\AndroidManifest.xml:186:13-52
	android:name
		ADDED from SuperWeChat\ChatDemoUI3.0\AndroidManifest.xml:184:13-71
activity#cn.ucai.superwechat.ui.PublicChatRoomsActivity
ADDED from SuperWeChat\ChatDemoUI3.0\AndroidManifest.xml:188:9-192:55
	android:screenOrientation
		ADDED from SuperWeChat\ChatDemoUI3.0\AndroidManifest.xml:190:13-49
	android:windowSoftInputMode
		ADDED from SuperWeChat\ChatDemoUI3.0\AndroidManifest.xml:192:13-52
	android:theme
		ADDED from SuperWeChat\ChatDemoUI3.0\AndroidManifest.xml:191:13-52
	android:name
		ADDED from SuperWeChat\ChatDemoUI3.0\AndroidManifest.xml:189:13-74
activity#cn.ucai.superwechat.ui.VoiceCallActivity
ADDED from SuperWeChat\ChatDemoUI3.0\AndroidManifest.xml:195:9-199:51
	android:screenOrientation
		ADDED from SuperWeChat\ChatDemoUI3.0\AndroidManifest.xml:198:13-49
	android:launchMode
		ADDED from SuperWeChat\ChatDemoUI3.0\AndroidManifest.xml:197:13-44
	android:theme
		ADDED from SuperWeChat\ChatDemoUI3.0\AndroidManifest.xml:199:13-48
	android:name
		ADDED from SuperWeChat\ChatDemoUI3.0\AndroidManifest.xml:196:13-68
activity#cn.ucai.superwechat.ui.VideoCallActivity
ADDED from SuperWeChat\ChatDemoUI3.0\AndroidManifest.xml:201:9-206:55
	android:screenOrientation
		ADDED from SuperWeChat\ChatDemoUI3.0\AndroidManifest.xml:205:13-49
	android:launchMode
		ADDED from SuperWeChat\ChatDemoUI3.0\AndroidManifest.xml:204:13-44
	android:configChanges
		ADDED from SuperWeChat\ChatDemoUI3.0\AndroidManifest.xml:203:13-74
	android:theme
		ADDED from SuperWeChat\ChatDemoUI3.0\AndroidManifest.xml:206:13-52
	android:name
		ADDED from SuperWeChat\ChatDemoUI3.0\AndroidManifest.xml:202:13-68
activity#cn.ucai.superwechat.ui.GroupSimpleDetailActivity
ADDED from SuperWeChat\ChatDemoUI3.0\AndroidManifest.xml:208:9-211:55
	android:screenOrientation
		ADDED from SuperWeChat\ChatDemoUI3.0\AndroidManifest.xml:210:13-49
	android:theme
		ADDED from SuperWeChat\ChatDemoUI3.0\AndroidManifest.xml:211:13-52
	android:name
		ADDED from SuperWeChat\ChatDemoUI3.0\AndroidManifest.xml:209:13-76
activity#cn.ucai.superwechat.ui.GroupBlacklistActivity
ADDED from SuperWeChat\ChatDemoUI3.0\AndroidManifest.xml:213:9-216:55
	android:screenOrientation
		ADDED from SuperWeChat\ChatDemoUI3.0\AndroidManifest.xml:215:13-49
	android:theme
		ADDED from SuperWeChat\ChatDemoUI3.0\AndroidManifest.xml:216:13-52
	android:name
		ADDED from SuperWeChat\ChatDemoUI3.0\AndroidManifest.xml:214:13-73
activity#cn.ucai.superwechat.ui.GroupSearchMessageActivity
ADDED from SuperWeChat\ChatDemoUI3.0\AndroidManifest.xml:217:9-221:58
	android:screenOrientation
		ADDED from SuperWeChat\ChatDemoUI3.0\AndroidManifest.xml:219:13-49
	android:windowSoftInputMode
		ADDED from SuperWeChat\ChatDemoUI3.0\AndroidManifest.xml:221:13-55
	android:theme
		ADDED from SuperWeChat\ChatDemoUI3.0\AndroidManifest.xml:220:13-52
	android:name
		ADDED from SuperWeChat\ChatDemoUI3.0\AndroidManifest.xml:218:13-77
activity#cn.ucai.superwechat.ui.PublicGroupsSeachActivity
ADDED from SuperWeChat\ChatDemoUI3.0\AndroidManifest.xml:222:9-225:55
	android:screenOrientation
		ADDED from SuperWeChat\ChatDemoUI3.0\AndroidManifest.xml:224:13-49
	android:theme
		ADDED from SuperWeChat\ChatDemoUI3.0\AndroidManifest.xml:225:13-52
	android:name
		ADDED from SuperWeChat\ChatDemoUI3.0\AndroidManifest.xml:223:13-76
activity#cn.ucai.superwechat.ui.EditActivity
ADDED from SuperWeChat\ChatDemoUI3.0\AndroidManifest.xml:226:9-230:58
	android:screenOrientation
		ADDED from SuperWeChat\ChatDemoUI3.0\AndroidManifest.xml:228:13-49
	android:windowSoftInputMode
		ADDED from SuperWeChat\ChatDemoUI3.0\AndroidManifest.xml:230:13-55
	android:theme
		ADDED from SuperWeChat\ChatDemoUI3.0\AndroidManifest.xml:229:13-52
	android:name
		ADDED from SuperWeChat\ChatDemoUI3.0\AndroidManifest.xml:227:13-63
activity#com.hyphenate.easeui.ui.EaseShowVideoActivity
ADDED from SuperWeChat\ChatDemoUI3.0\AndroidManifest.xml:231:9-235:63
	android:screenOrientation
		ADDED from SuperWeChat\ChatDemoUI3.0\AndroidManifest.xml:233:13-49
	android:windowSoftInputMode
		ADDED from SuperWeChat\ChatDemoUI3.0\AndroidManifest.xml:235:13-60
	android:theme
		ADDED from SuperWeChat\ChatDemoUI3.0\AndroidManifest.xml:234:13-52
	android:name
		ADDED from SuperWeChat\ChatDemoUI3.0\AndroidManifest.xml:232:13-73
activity#cn.ucai.superwechat.ui.ImageGridActivity
ADDED from SuperWeChat\ChatDemoUI3.0\AndroidManifest.xml:237:9-241:63
	android:screenOrientation
		ADDED from SuperWeChat\ChatDemoUI3.0\AndroidManifest.xml:239:13-49
	android:windowSoftInputMode
		ADDED from SuperWeChat\ChatDemoUI3.0\AndroidManifest.xml:241:13-60
	android:theme
		ADDED from SuperWeChat\ChatDemoUI3.0\AndroidManifest.xml:240:13-52
	android:name
		ADDED from SuperWeChat\ChatDemoUI3.0\AndroidManifest.xml:238:13-68
activity#cn.ucai.superwechat.ui.RecorderVideoActivity
ADDED from SuperWeChat\ChatDemoUI3.0\AndroidManifest.xml:242:9-246:63
	android:screenOrientation
		ADDED from SuperWeChat\ChatDemoUI3.0\AndroidManifest.xml:244:13-49
	android:windowSoftInputMode
		ADDED from SuperWeChat\ChatDemoUI3.0\AndroidManifest.xml:246:13-60
	android:theme
		ADDED from SuperWeChat\ChatDemoUI3.0\AndroidManifest.xml:245:13-52
	android:name
		ADDED from SuperWeChat\ChatDemoUI3.0\AndroidManifest.xml:243:13-72
activity#cn.ucai.superwechat.ui.DiagnoseActivity
ADDED from SuperWeChat\ChatDemoUI3.0\AndroidManifest.xml:248:9-252:63
	android:screenOrientation
		ADDED from SuperWeChat\ChatDemoUI3.0\AndroidManifest.xml:250:13-49
	android:windowSoftInputMode
		ADDED from SuperWeChat\ChatDemoUI3.0\AndroidManifest.xml:252:13-60
	android:theme
		ADDED from SuperWeChat\ChatDemoUI3.0\AndroidManifest.xml:251:13-52
	android:name
		ADDED from SuperWeChat\ChatDemoUI3.0\AndroidManifest.xml:249:13-67
activity#cn.ucai.superwechat.ui.OfflinePushNickActivity
ADDED from SuperWeChat\ChatDemoUI3.0\AndroidManifest.xml:255:9-259:63
	android:screenOrientation
		ADDED from SuperWeChat\ChatDemoUI3.0\AndroidManifest.xml:257:13-49
	android:windowSoftInputMode
		ADDED from SuperWeChat\ChatDemoUI3.0\AndroidManifest.xml:259:13-60
	android:theme
		ADDED from SuperWeChat\ChatDemoUI3.0\AndroidManifest.xml:258:13-52
	android:name
		ADDED from SuperWeChat\ChatDemoUI3.0\AndroidManifest.xml:256:13-74
activity#cn.ucai.superwechat.ui.RobotsActivity
ADDED from SuperWeChat\ChatDemoUI3.0\AndroidManifest.xml:261:9-265:63
	android:screenOrientation
		ADDED from SuperWeChat\ChatDemoUI3.0\AndroidManifest.xml:263:13-49
	android:windowSoftInputMode
		ADDED from SuperWeChat\ChatDemoUI3.0\AndroidManifest.xml:265:13-60
	android:theme
		ADDED from SuperWeChat\ChatDemoUI3.0\AndroidManifest.xml:264:13-52
	android:name
		ADDED from SuperWeChat\ChatDemoUI3.0\AndroidManifest.xml:262:13-65
activity#cn.ucai.superwechat.ui.UserProfileActivity
ADDED from SuperWeChat\ChatDemoUI3.0\AndroidManifest.xml:267:9-270:55
	android:screenOrientation
		ADDED from SuperWeChat\ChatDemoUI3.0\AndroidManifest.xml:269:13-49
	android:theme
		ADDED from SuperWeChat\ChatDemoUI3.0\AndroidManifest.xml:270:13-52
	android:name
		ADDED from SuperWeChat\ChatDemoUI3.0\AndroidManifest.xml:268:13-70
activity#cn.ucai.superwechat.ui.SetServersActivity
ADDED from SuperWeChat\ChatDemoUI3.0\AndroidManifest.xml:271:9-274:55
	android:screenOrientation
		ADDED from SuperWeChat\ChatDemoUI3.0\AndroidManifest.xml:273:13-49
	android:theme
		ADDED from SuperWeChat\ChatDemoUI3.0\AndroidManifest.xml:274:13-52
	android:name
		ADDED from SuperWeChat\ChatDemoUI3.0\AndroidManifest.xml:272:13-69
activity#com.easemob.redpacketui.ui.activity.RPRedPacketActivity
ADDED from SuperWeChat\ChatDemoUI3.0\AndroidManifest.xml:278:9-282:68
	android:screenOrientation
		ADDED from SuperWeChat\ChatDemoUI3.0\AndroidManifest.xml:280:13-49
	android:windowSoftInputMode
		ADDED from SuperWeChat\ChatDemoUI3.0\AndroidManifest.xml:282:13-65
	android:theme
		ADDED from SuperWeChat\ChatDemoUI3.0\AndroidManifest.xml:281:13-52
	android:name
		ADDED from SuperWeChat\ChatDemoUI3.0\AndroidManifest.xml:279:13-83
activity#com.easemob.redpacketui.ui.activity.RPDetailActivity
ADDED from SuperWeChat\ChatDemoUI3.0\AndroidManifest.xml:284:9-288:55
	android:screenOrientation
		ADDED from SuperWeChat\ChatDemoUI3.0\AndroidManifest.xml:286:13-49
	android:windowSoftInputMode
		ADDED from SuperWeChat\ChatDemoUI3.0\AndroidManifest.xml:288:13-52
	android:theme
		ADDED from SuperWeChat\ChatDemoUI3.0\AndroidManifest.xml:287:13-52
	android:name
		ADDED from SuperWeChat\ChatDemoUI3.0\AndroidManifest.xml:285:13-80
activity#com.easemob.redpacketui.ui.activity.RPRecordActivity
ADDED from SuperWeChat\ChatDemoUI3.0\AndroidManifest.xml:290:9-294:55
	android:screenOrientation
		ADDED from SuperWeChat\ChatDemoUI3.0\AndroidManifest.xml:292:13-49
	android:windowSoftInputMode
		ADDED from SuperWeChat\ChatDemoUI3.0\AndroidManifest.xml:294:13-52
	android:theme
		ADDED from SuperWeChat\ChatDemoUI3.0\AndroidManifest.xml:293:13-52
	android:name
		ADDED from SuperWeChat\ChatDemoUI3.0\AndroidManifest.xml:291:13-80
activity#com.easemob.redpacketui.ui.activity.RPWebViewActivity
ADDED from SuperWeChat\ChatDemoUI3.0\AndroidManifest.xml:296:9-300:70
	android:screenOrientation